Projection = `+proj=longlat'
Bounds
north = 44.056266
south = 43.780051
east = -74.923858
west = -75.837563
ns_res = 0.000138107
ew_res = 0.000456853
UpdateDictionary = 
 10M@2@CIB@DMAAC@0 
Bounds
north = 44.056266
south = 43.780051
east = -74.923858
west = -75.837563
ns_res = 0.000138107
ew_res = 0.000456853
RasterInfo:
mincat = 1
maxcat = 1
width = 1 (RGB)
height = 0
cat_len = 1
0: no=1, rgb=255,255,255  No data
Object ID: (2000 pixels)
0:0,0,0 100:0,0,0 200:0,0,0 300:66,66,66 400:65,65,65 500:33,33,33 600:45,45,45 700:34,34,34 800:31,31,31 900:35,35,35 1000:64,64,64 1100:37,37,37 1200:26,26,26 1300:68,68,68 1400:68,68,68 1500:83,83,83 1600:111,111,111 1700:76,76,76 1800:163,163,163 1900:162,162,162 
Object ID: (2000 pixels)
0:0,0,0 100:0,0,0 200:0,0,0 300:61,61,61 400:67,67,67 500:47,47,47 600:81,81,81 700:37,37,37 800:24,24,24 900:64,64,64 1000:53,53,53 1100:35,35,35 1200:32,32,32 1300:31,31,31 1400:54,54,54 1500:70,70,70 1600:127,127,127 1700:105,105,105 1800:145,145,145 1900:253,253,253 
Object ID: (2000 pixels)
0:0,0,0 100:0,0,0 200:0,0,0 300:79,79,79 400:55,55,55 500:28,28,28 600:34,34,34 700:42,42,42 800:41,41,41 900:45,45,45 1000:50,50,50 1100:57,57,57 1200:26,26,26 1300:28,28,28 1400:79,79,79 1500:61,61,61 1600:189,189,189 1700:192,192,192 1800:57,57,57 1900:0,0,0 
Object ID: (2000 pixels)
0:0,0,0 100:0,0,0 200:41,41,41 300:59,59,59 400:72,72,72 500:39,39,39 600:53,53,53 700:29,29,29 800:33,33,33 900:61,61,61 1000:42,42,42 1100:63,63,63 1200:59,59,59 1300:27,27,27 1400:252,252,252 1500:51,51,51 1600:71,71,71 1700:168,168,168 1800:132,132,132 1900:0,0,0 
Object ID: (2000 pixels)
0:0,0,0 100:0,0,0 200:51,51,51 300:63,63,63 400:68,68,68 500:51,51,51 600:48,48,48 700:37,37,37 800:29,29,29 900:50,50,50 1000:39,39,39 1100:28,28,28 1200:61,61,61 1300:46,46,46 1400:45,45,45 1500:33,33,33 1600:60,60,60 1700:123,123,123 1800:39,39,39 1900:0,0,0 
Object ID: (2000 pixels)
0:0,0,0 100:0,0,0 200:57,57,57 300:78,78,78 400:63,63,63 500:38,38,38 600:53,53,53 700:46,46,46 800:21,21,21 900:52,52,52 1000:60,60,60 1100:41,41,41 1200:52,52,52 1300:77,77,77 1400:50,50,50 1500:130,130,130 1600:60,60,60 1700:73,73,73 1800:47,47,47 1900:0,0,0 
Object ID: (2000 pixels)
0:0,0,0 100:0,0,0 200:60,60,60 300:50,50,50 400:46,46,46 500:48,48,48 600:59,59,59 700:39,39,39 800:57,57,57 900:50,50,50 1000:41,41,41 1100:65,65,65 1200:60,60,60 1300:35,35,35 1400:67,67,67 1500:168,168,168 1600:72,72,72 1700:48,48,48 1800:52,52,52 1900:0,0,0 
Object ID: (2000 pixels)
0:0,0,0 100:0,0,0 200:29,29,29 300:50,50,50 400:68,68,68 500:37,37,37 600:29,29,29 700:84,84,84 800:29,29,29 900:31,31,31 1000:29,29,29 1100:84,84,84 1200:44,44,44 1300:44,44,44 1400:47,47,47 1500:93,93,93 1600:84,84,84 1700:50,50,50 1800:80,80,80 1900:0,0,0 
Object ID: (2000 pixels)
0:0,0,0 100:0,0,0 200:0,0,0 300:0,0,0 400:80,80,80 500:60,60,60 600:27,27,27 700:86,86,86 800:41,41,41 900:72,72,72 1000:42,42,42 1100:44,44,44 1200:31,31,31 1300:55,55,55 1400:118,118,118 1500:91,91,91 1600:38,38,38 1700:158,158,158 1800:116,116,116 1900:0,0,0 
Object ID: (2000 pixels)
0:0,0,0 100:0,0,0 200:0,0,0 300:0,0,0 400:0,0,0 500:0,0,0 600:34,34,34 700:51,51,51 800:70,70,70 900:32,32,32 1000:50,50,50 1100:28,28,28 1200:60,60,60 1300:87,87,87 1400:42,42,42 1500:116,116,116 1600:74,74,74 1700:80,80,80 1800:22,22,22 1900:0,0,0 
Object ID: (2000 pixels)
0:<null> 100:<null> 200:<null> 300:<null> 400:0,0,0 500:0,0,0 600:0,0,0 700:0,0,0 800:72,72,72 900:37,37,37 1000:68,68,68 1100:46,46,46 1200:33,33,33 1300:116,116,116 1400:110,110,110 1500:99,99,99 1600:132,132,132 1700:136,136,136 1800:94,94,94 1900:0,0,0 
Object ID: (2000 pixels)
0:<null> 100:<null> 200:<null> 300:<null> 400:0,0,0 500:0,0,0 600:0,0,0 700:0,0,0 800:0,0,0 900:0,0,0 1000:57,57,57 1100:83,83,83 1200:38,38,38 1300:130,130,130 1400:81,81,81 1500:42,42,42 1600:159,159,159 1700:83,83,83 1800:0,0,0 1900:0,0,0 
Object ID: (2000 pixels)
0:<null> 100:<null> 200:<null> 300:<null> 400:0,0,0 500:0,0,0 600:0,0,0 700:0,0,0 800:0,0,0 900:0,0,0 1000:0,0,0 1100:0,0,0 1200:34,34,34 1300:81,81,81 1400:118,118,118 1500:64,64,64 1600:115,115,115 1700:54,54,54 1800:0,0,0 1900:0,0,0 
Object ID: (2000 pixels)
0:<null> 100:<null> 200:<null> 300:<null> 400:0,0,0 500:0,0,0 600:0,0,0 700:0,0,0 800:0,0,0 900:0,0,0 1000:0,0,0 1100:0,0,0 1200:0,0,0 1300:0,0,0 1400:117,117,117 1500:33,33,33 1600:133,133,133 1700:92,92,92 1800:0,0,0 1900:0,0,0 
Object ID: (2000 pixels)
0:<null> 100:<null> 200:<null> 300:<null> 400:0,0,0 500:0,0,0 600:0,0,0 700:0,0,0 800:0,0,0 900:0,0,0 1000:0,0,0 1100:0,0,0 1200:0,0,0 1300:0,0,0 1400:0,0,0 1500:0,0,0 1600:125,125,125 1700:233,233,233 1800:0,0,0 1900:0,0,0 
Object ID: (2000 pixels)
0:<null> 100:<null> 200:<null> 300:<null> 400:0,0,0 500:0,0,0 600:0,0,0 700:0,0,0 800:0,0,0 900:0,0,0 1000:0,0,0 1100:0,0,0 1200:0,0,0 1300:0,0,0 1400:0,0,0 1500:0,0,0 1600:0,0,0 1700:168,168,168 1800:0,0,0 1900:0,0,0 
Object ID: (2000 pixels)
0:<null> 100:<null> 200:<null> 300:<null> 400:0,0,0 500:0,0,0 600:0,0,0 700:0,0,0 800:0,0,0 900:0,0,0 1000:0,0,0 1100:0,0,0 1200:0,0,0 1300:0,0,0 1400:0,0,0 1500:0,0,0 1600:0,0,0 1700:0,0,0 1800:0,0,0 1900:0,0,0 
Object ID: (2000 pixels)
0:<null> 100:<null> 200:<null> 300:<null> 400:0,0,0 500:0,0,0 600:0,0,0 700:0,0,0 800:0,0,0 900:0,0,0 1000:0,0,0 1100:0,0,0 1200:0,0,0 1300:0,0,0 1400:0,0,0 1500:0,0,0 1600:0,0,0 1700:0,0,0 1800:0,0,0 1900:0,0,0 
Object ID: (2000 pixels)
0:<null> 100:<null> 200:<null> 300:<null> 400:0,0,0 500:0,0,0 600:0,0,0 700:0,0,0 800:0,0,0 900:0,0,0 1000:0,0,0 1100:0,0,0 1200:0,0,0 1300:0,0,0 1400:0,0,0 1500:0,0,0 1600:0,0,0 1700:0,0,0 1800:0,0,0 1900:0,0,0 
Object ID: (2000 pixels)
0:<null> 100:<null> 200:<null> 300:<null> 400:0,0,0 500:0,0,0 600:0,0,0 700:0,0,0 800:0,0,0 900:0,0,0 1000:0,0,0 1100:0,0,0 1200:0,0,0 1300:0,0,0 1400:0,0,0 1500:0,0,0 1600:0,0,0 1700:0,0,0 1800:0,0,0 1900:0,0,0 
Object Count = 2000
