Projection = `+proj=longlat'
Global Bounds
north = 44.056266
south = 43.780051
east = -74.923858
west = -75.837563
ns_res = 0.000138
ew_res = 0.000457
Lat/Long Corners
Upper Left:  ( -25d10'20.3316",2524d14'17.1675") (-25.1723,2524.24)
Upper Right: (  27d10'44.9736",2524d14'17.1675") (27.1792,2524.24)
Lower Left:  ( -25d10'20.3316",2508d24'43.7683") (-25.1723,2508.41)
Lower Right: (  27d10'44.9736",2508d24'43.7683") (27.1792,2508.41)
UpdateDictionary = 
 10M@2@CIB@DMAAC@0 
RasterInfo:
mincat = 1
maxcat = 254
width = 2002
height = 2002
cat_len = 254
0: no=1, rgb=1,1,1  
1: no=2, rgb=2,2,2  
2: no=3, rgb=3,3,3  
3: no=4, rgb=4,4,4  
4: no=5, rgb=5,5,5  
5: no=6, rgb=6,6,6  
6: no=7, rgb=7,7,7  
7: no=8, rgb=8,8,8  
8: no=9, rgb=9,9,9  
9: no=10, rgb=10,10,10  
10: no=11, rgb=11,11,11  
11: no=12, rgb=12,12,12  
12: no=13, rgb=13,13,13  
13: no=14, rgb=14,14,14  
14: no=15, rgb=15,15,15  
15: no=16, rgb=16,16,16  
16: no=17, rgb=17,17,17  
17: no=18, rgb=18,18,18  
18: no=19, rgb=19,19,19  
19: no=20, rgb=20,20,20  
20: no=21, rgb=21,21,21  
21: no=22, rgb=22,22,22  
22: no=23, rgb=23,23,23  
23: no=24, rgb=24,24,24  
24: no=25, rgb=25,25,25  
25: no=26, rgb=26,26,26  
26: no=27, rgb=27,27,27  
27: no=28, rgb=28,28,28  
28: no=29, rgb=29,29,29  
29: no=30, rgb=30,30,30  
30: no=31, rgb=31,31,31  
31: no=32, rgb=32,32,32  
32: no=33, rgb=33,33,33  
33: no=34, rgb=34,34,34  
34: no=35, rgb=35,35,35  
35: no=36, rgb=36,36,36  
36: no=37, rgb=37,37,37  
37: no=38, rgb=38,38,38  
38: no=39, rgb=39,39,39  
39: no=40, rgb=40,40,40  
40: no=41, rgb=41,41,41  
41: no=42, rgb=42,42,42  
42: no=43, rgb=43,43,43  
43: no=44, rgb=44,44,44  
44: no=45, rgb=45,45,45  
45: no=46, rgb=46,46,46  
46: no=47, rgb=47,47,47  
47: no=48, rgb=48,48,48  
48: no=49, rgb=49,49,49  
49: no=50, rgb=50,50,50  
50: no=51, rgb=51,51,51  
51: no=52, rgb=52,52,52  
52: no=53, rgb=53,53,53  
53: no=54, rgb=54,54,54  
54: no=55, rgb=55,55,55  
55: no=56, rgb=56,56,56  
56: no=57, rgb=57,57,57  
57: no=58, rgb=58,58,58  
58: no=59, rgb=59,59,59  
59: no=60, rgb=60,60,60  
60: no=61, rgb=61,61,61  
61: no=62, rgb=62,62,62  
62: no=63, rgb=63,63,63  
63: no=64, rgb=64,64,64  
64: no=65, rgb=65,65,65  
65: no=66, rgb=66,66,66  
66: no=67, rgb=67,67,67  
67: no=68, rgb=68,68,68  
68: no=69, rgb=69,69,69  
69: no=70, rgb=70,70,70  
70: no=71, rgb=71,71,71  
71: no=72, rgb=72,72,72  
72: no=73, rgb=73,73,73  
73: no=74, rgb=74,74,74  
74: no=75, rgb=75,75,75  
75: no=76, rgb=76,76,76  
76: no=77, rgb=77,77,77  
77: no=78, rgb=78,78,78  
78: no=79, rgb=79,79,79  
79: no=80, rgb=80,80,80  
80: no=81, rgb=81,81,81  
81: no=82, rgb=82,82,82  
82: no=83, rgb=83,83,83  
83: no=84, rgb=84,84,84  
84: no=85, rgb=85,85,85  
85: no=86, rgb=86,86,86  
86: no=87, rgb=87,87,87  
87: no=88, rgb=88,88,88  
88: no=89, rgb=89,89,89  
89: no=90, rgb=90,90,90  
90: no=91, rgb=91,91,91  
91: no=92, rgb=92,92,92  
92: no=93, rgb=93,93,93  
93: no=94, rgb=94,94,94  
94: no=95, rgb=95,95,95  
95: no=96, rgb=96,96,96  
96: no=97, rgb=97,97,97  
97: no=98, rgb=98,98,98  
98: no=99, rgb=99,99,99  
99: no=100, rgb=100,100,100  
100: no=101, rgb=101,101,101  
101: no=102, rgb=102,102,102  
102: no=103, rgb=103,103,103  
103: no=104, rgb=104,104,104  
104: no=105, rgb=105,105,105  
105: no=106, rgb=106,106,106  
106: no=107, rgb=107,107,107  
107: no=108, rgb=108,108,108  
108: no=109, rgb=109,109,109  
109: no=110, rgb=110,110,110  
110: no=111, rgb=111,111,111  
111: no=112, rgb=112,112,112  
112: no=113, rgb=113,113,113  
113: no=114, rgb=114,114,114  
114: no=115, rgb=115,115,115  
115: no=116, rgb=116,116,116  
116: no=117, rgb=117,117,117  
117: no=118, rgb=118,118,118  
118: no=119, rgb=119,119,119  
119: no=120, rgb=120,120,120  
120: no=121, rgb=121,121,121  
121: no=122, rgb=122,122,122  
122: no=123, rgb=123,123,123  
123: no=124, rgb=124,124,124  
124: no=125, rgb=125,125,125  
125: no=126, rgb=126,126,126  
126: no=127, rgb=127,127,127  
127: no=128, rgb=128,128,128  
128: no=129, rgb=129,129,129  
129: no=130, rgb=130,130,130  
130: no=131, rgb=131,131,131  
131: no=132, rgb=132,132,132  
132: no=133, rgb=133,133,133  
133: no=134, rgb=134,134,134  
134: no=135, rgb=135,135,135  
135: no=136, rgb=136,136,136  
136: no=137, rgb=137,137,137  
137: no=138, rgb=138,138,138  
138: no=139, rgb=139,139,139  
139: no=140, rgb=140,140,140  
140: no=141, rgb=141,141,141  
141: no=142, rgb=142,142,142  
142: no=143, rgb=143,143,143  
143: no=144, rgb=144,144,144  
144: no=145, rgb=145,145,145  
145: no=146, rgb=146,146,146  
146: no=147, rgb=147,147,147  
147: no=148, rgb=148,148,148  
148: no=149, rgb=149,149,149  
149: no=150, rgb=150,150,150  
150: no=151, rgb=151,151,151  
151: no=152, rgb=152,152,152  
152: no=153, rgb=153,153,153  
153: no=154, rgb=154,154,154  
154: no=155, rgb=155,155,155  
155: no=156, rgb=156,156,156  
156: no=157, rgb=157,157,157  
157: no=158, rgb=158,158,158  
158: no=159, rgb=159,159,159  
159: no=160, rgb=160,160,160  
160: no=161, rgb=161,161,161  
161: no=162, rgb=162,162,162  
162: no=163, rgb=163,163,163  
163: no=164, rgb=164,164,164  
164: no=165, rgb=165,165,165  
165: no=166, rgb=166,166,166  
166: no=167, rgb=167,167,167  
167: no=168, rgb=168,168,168  
168: no=169, rgb=169,169,169  
169: no=170, rgb=170,170,170  
170: no=171, rgb=171,171,171  
171: no=172, rgb=172,172,172  
172: no=173, rgb=173,173,173  
173: no=174, rgb=174,174,174  
174: no=175, rgb=175,175,175  
175: no=176, rgb=176,176,176  
176: no=177, rgb=177,177,177  
177: no=178, rgb=178,178,178  
178: no=179, rgb=179,179,179  
179: no=180, rgb=180,180,180  
180: no=181, rgb=181,181,181  
181: no=182, rgb=182,182,182  
182: no=183, rgb=183,183,183  
183: no=184, rgb=184,184,184  
184: no=185, rgb=185,185,185  
185: no=186, rgb=186,186,186  
186: no=187, rgb=187,187,187  
187: no=188, rgb=188,188,188  
188: no=189, rgb=189,189,189  
189: no=190, rgb=190,190,190  
190: no=191, rgb=191,191,191  
191: no=192, rgb=192,192,192  
192: no=193, rgb=193,193,193  
193: no=194, rgb=194,194,194  
194: no=195, rgb=195,195,195  
195: no=196, rgb=196,196,196  
196: no=197, rgb=197,197,197  
197: no=198, rgb=198,198,198  
198: no=199, rgb=199,199,199  
199: no=200, rgb=200,200,200  
200: no=201, rgb=201,201,201  
201: no=202, rgb=202,202,202  
202: no=203, rgb=203,203,203  
203: no=204, rgb=204,204,204  
204: no=205, rgb=205,205,205  
205: no=206, rgb=206,206,206  
206: no=207, rgb=207,207,207  
207: no=208, rgb=208,208,208  
208: no=209, rgb=209,209,209  
209: no=210, rgb=210,210,210  
210: no=211, rgb=211,211,211  
211: no=212, rgb=212,212,212  
212: no=213, rgb=213,213,213  
213: no=214, rgb=214,214,214  
214: no=215, rgb=215,215,215  
215: no=216, rgb=216,216,216  
216: no=217, rgb=217,217,217  
217: no=218, rgb=218,218,218  
218: no=219, rgb=219,219,219  
219: no=220, rgb=220,220,220  
220: no=221, rgb=221,221,221  
221: no=222, rgb=222,222,222  
222: no=223, rgb=223,223,223  
223: no=224, rgb=224,224,224  
224: no=225, rgb=225,225,225  
225: no=226, rgb=226,226,226  
226: no=227, rgb=227,227,227  
227: no=228, rgb=228,228,228  
228: no=229, rgb=229,229,229  
229: no=230, rgb=230,230,230  
230: no=231, rgb=231,231,231  
231: no=232, rgb=232,232,232  
232: no=233, rgb=233,233,233  
233: no=234, rgb=234,234,234  
234: no=235, rgb=235,235,235  
235: no=236, rgb=236,236,236  
236: no=237, rgb=237,237,237  
237: no=238, rgb=238,238,238  
238: no=239, rgb=239,239,239  
239: no=240, rgb=240,240,240  
240: no=241, rgb=241,241,241  
241: no=242, rgb=242,242,242  
242: no=243, rgb=243,243,243  
243: no=244, rgb=244,244,244  
244: no=245, rgb=245,245,245  
245: no=246, rgb=246,246,246  
246: no=247, rgb=247,247,247  
247: no=248, rgb=248,248,248  
248: no=249, rgb=249,249,249  
249: no=250, rgb=250,250,250  
250: no=251, rgb=251,251,251  
251: no=252, rgb=252,252,252  
252: no=253, rgb=253,253,253  
253: no=254, rgb=254,254,254  
Object ID: (2004 pixels)
0:1 100:1 200:1 300:66 400:60 500:29 600:43 700:28 800:39 900:32 1000:64 1100:40 1200:25 1300:68 1400:65 1500:42 1600:127 1700:125 1800:156 1900:97 2000:1 
Object ID: (2004 pixels)
0:1 100:1 200:1 300:66 400:67 500:42 600:74 700:38 800:33 900:32 1000:51 1100:34 1200:40 1300:29 1400:52 1500:66 1600:141 1700:64 1800:107 1900:250 2000:1 
Object ID: (2004 pixels)
0:1 100:1 200:1 300:79 400:67 500:30 600:35 700:36 800:47 900:43 1000:59 1100:41 1200:25 1300:42 1400:66 1500:49 1600:158 1700:169 1800:74 1900:1 2000:1 
Object ID: (2004 pixels)
0:1 100:1 200:47 300:61 400:62 500:40 600:42 700:36 800:29 900:61 1000:35 1100:46 1200:46 1300:21 1400:254 1500:56 1600:67 1700:138 1800:134 1900:1 2000:1 
Object ID: (2004 pixels)
0:1 100:1 200:60 300:55 400:64 500:49 600:58 700:38 800:40 900:43 1000:30 1100:48 1200:52 1300:55 1400:41 1500:34 1600:124 1700:125 1800:51 1900:1 2000:1 
Object ID: (2004 pixels)
0:1 100:1 200:67 300:82 400:68 500:40 600:58 700:45 800:22 900:49 1000:28 1100:30 1200:60 1300:69 1400:46 1500:123 1600:64 1700:99 1800:42 1900:1 2000:1 
Object ID: (2004 pixels)
0:1 100:1 200:64 300:48 400:42 500:40 600:53 700:30 800:52 900:39 1000:52 1100:71 1200:42 1300:49 1400:53 1500:153 1600:48 1700:64 1800:80 1900:1 2000:1 
Object ID: (2004 pixels)
0:1 100:1 200:33 300:54 400:79 500:36 600:36 700:80 800:30 900:33 1000:33 1100:54 1200:55 1300:43 1400:55 1500:65 1600:97 1700:46 1800:67 1900:1 2000:1 
Object ID: (2004 pixels)
0:1 100:1 200:1 300:1 400:90 500:66 600:32 700:85 800:41 900:67 1000:58 1100:39 1200:46 1300:58 1400:88 1500:106 1600:35 1700:192 1800:117 1900:1 2000:1 
Object ID: (2004 pixels)
0:1 100:1 200:1 300:1 400:1 500:1 600:45 700:61 800:46 900:33 1000:51 1100:47 1200:55 1300:72 1400:55 1500:133 1600:35 1700:43 1800:22 1900:1 2000:1 
Object ID: (2004 pixels)
0:0 100:0 200:0 300:0 400:0 500:1 600:1 700:1 800:85 900:36 1000:56 1100:52 1200:35 1300:108 1400:154 1500:95 1600:128 1700:132 1800:68 1900:1 2000:1 
Object ID: (2004 pixels)
0:0 100:0 200:0 300:0 400:0 500:1 600:1 700:1 800:1 900:1 1000:56 1100:71 1200:34 1300:125 1400:92 1500:42 1600:131 1700:71 1800:1 1900:1 2000:1 
Object ID: (2004 pixels)
0:0 100:0 200:0 300:0 400:0 500:1 600:1 700:1 800:1 900:1 1000:1 1100:1 1200:41 1300:58 1400:144 1500:49 1600:137 1700:59 1800:1 1900:1 2000:1 
Object ID: (2004 pixels)
0:0 100:0 200:0 300:0 400:0 500:1 600:1 700:1 800:1 900:1 1000:1 1100:1 1200:1 1300:1 1400:151 1500:52 1600:94 1700:95 1800:1 1900:1 2000:1 
Object ID: (2004 pixels)
0:0 100:0 200:0 300:0 400:0 500:1 600:1 700:1 800:1 900:1 1000:1 1100:1 1200:1 1300:1 1400:1 1500:1 1600:143 1700:217 1800:1 1900:1 2000:1 
Object ID: (2004 pixels)
0:0 100:0 200:0 300:0 400:0 500:1 600:1 700:1 800:1 900:1 1000:1 1100:1 1200:1 1300:1 1400:1 1500:1 1600:1 1700:136 1800:1 1900:1 2000:1 
Object ID: (2004 pixels)
0:0 100:0 200:0 300:0 400:0 500:1 600:1 700:1 800:1 900:1 1000:1 1100:1 1200:1 1300:1 1400:1 1500:1 1600:1 1700:1 1800:1 1900:1 2000:1 
Object ID: (2004 pixels)
0:0 100:0 200:0 300:0 400:0 500:1 600:1 700:1 800:1 900:1 1000:1 1100:1 1200:1 1300:1 1400:1 1500:1 1600:1 1700:1 1800:1 1900:1 2000:1 
Object ID: (2004 pixels)
0:0 100:0 200:0 300:0 400:0 500:1 600:1 700:1 800:1 900:1 1000:1 1100:1 1200:1 1300:1 1400:1 1500:1 1600:1 1700:1 1800:1 1900:1 2000:1 
Object ID: (2004 pixels)
0:0 100:0 200:0 300:0 400:0 500:1 600:1 700:1 800:1 900:1 1000:1 1100:1 1200:1 1300:1 1400:1 1500:1 1600:1 1700:1 1800:1 1900:1 2000:1 
Object Count = 2002
