Projection = `+proj=longlat'
Global Bounds
north = 44.000000
south = 43.000000
east = -79.000000
west = -80.000000
ns_res = 0.008264
ew_res = 0.008264
UpdateDictionary = 
DTED
Dumping Dictionary `ogdi_server_capabilities':
UpdateDictionary = 
<?xml version="1.0" ?>
<OGDI_Capabilities version="3.1">
</OGDI_Capabilities>

Dumping Dictionary `ogdi_capabilities':
UpdateDictionary = 
<?xml version="1.0" ?>
<OGDI_Capabilities version="3.1">
   <FeatureTypeList>
      <Operations>
         <Query/>
      </Operations>
      <FeatureType>
         <Name>DTED(RAM)</Name>
         <SRS>PROJ4:+proj=longlat</SRS>
         <LongLatBoundingBox minx="-80.000000000"  miny="43.000000000"
                             maxx="-79.000000000"  maxy="44.000000000" />
         <SRSBoundingBox minx="-80.000000000"  miny="43.000000000"
                         maxx="-79.000000000"  maxy="44.000000000"
                         x_res="0.008264463" y_res="0.008264463" />
         <Family>Matrix</Family>
         <Family>Image</Family>
      </FeatureType>
   </FeatureTypeList>
</OGDI_Capabilities>

RasterInfo:
mincat = 1
maxcat = 216
width = 100
height = 100
cat_len = 216
0: no=1, rgb=0,0,13  48
1: no=2, rgb=0,0,16  49
2: no=3, rgb=0,0,19  51
3: no=4, rgb=0,0,23  52
4: no=5, rgb=0,0,26  54
5: no=6, rgb=0,0,30  56
6: no=7, rgb=0,0,33  57
7: no=8, rgb=0,0,36  59
8: no=9, rgb=0,0,40  61
9: no=10, rgb=0,0,43  62
10: no=11, rgb=0,0,47  64
11: no=12, rgb=0,0,50  66
12: no=13, rgb=0,0,53  67
13: no=14, rgb=0,0,57  69
14: no=15, rgb=0,0,60  71
15: no=16, rgb=0,0,64  72
16: no=17, rgb=0,0,67  74
17: no=18, rgb=0,0,70  76
18: no=19, rgb=0,0,74  77
19: no=20, rgb=0,0,77  79
20: no=21, rgb=0,0,81  81
21: no=22, rgb=0,0,84  82
22: no=23, rgb=0,0,87  84
23: no=24, rgb=0,0,91  85
24: no=25, rgb=0,0,94  87
25: no=26, rgb=0,0,98  89
26: no=27, rgb=0,0,101  90
27: no=28, rgb=0,0,105  92
28: no=29, rgb=0,0,108  94
29: no=30, rgb=0,0,111  95
30: no=31, rgb=0,0,115  97
31: no=32, rgb=0,0,118  99
32: no=33, rgb=0,0,122  100
33: no=34, rgb=0,0,125  102
34: no=35, rgb=0,0,128  104
35: no=36, rgb=0,0,132  105
36: no=37, rgb=0,0,135  107
37: no=38, rgb=0,0,139  109
38: no=39, rgb=0,0,142  110
39: no=40, rgb=0,0,145  112
40: no=41, rgb=0,0,149  114
41: no=42, rgb=0,0,152  115
42: no=43, rgb=0,0,156  117
43: no=44, rgb=0,0,159  119
44: no=45, rgb=0,0,162  120
45: no=46, rgb=0,0,166  122
46: no=47, rgb=0,0,169  123
47: no=48, rgb=0,0,173  125
48: no=49, rgb=0,0,176  127
49: no=50, rgb=0,0,180  128
50: no=51, rgb=0,0,183  130
51: no=52, rgb=0,0,186  132
52: no=53, rgb=0,0,190  133
53: no=54, rgb=0,0,193  135
54: no=55, rgb=0,0,197  137
55: no=56, rgb=0,0,200  138
56: no=57, rgb=0,0,203  140
57: no=58, rgb=0,0,207  142
58: no=59, rgb=0,0,210  143
59: no=60, rgb=0,0,214  145
60: no=61, rgb=0,0,217  147
61: no=62, rgb=0,0,220  148
62: no=63, rgb=0,0,224  150
63: no=64, rgb=0,0,227  152
64: no=65, rgb=0,0,231  153
65: no=66, rgb=0,0,234  155
66: no=67, rgb=0,0,237  156
67: no=68, rgb=0,0,241  158
68: no=69, rgb=0,0,244  160
69: no=70, rgb=0,0,248  161
70: no=71, rgb=0,0,251  163
71: no=72, rgb=0,13,0  165
72: no=73, rgb=0,13,0  166
73: no=74, rgb=0,16,0  168
74: no=75, rgb=0,19,0  170
75: no=76, rgb=0,23,0  171
76: no=77, rgb=0,26,0  173
77: no=78, rgb=0,30,0  175
78: no=79, rgb=0,33,0  176
79: no=80, rgb=0,36,0  178
80: no=81, rgb=0,40,0  180
81: no=82, rgb=0,43,0  181
82: no=83, rgb=0,47,0  183
83: no=84, rgb=0,50,0  185
84: no=85, rgb=0,53,0  186
85: no=86, rgb=0,57,0  188
86: no=87, rgb=0,60,0  190
87: no=88, rgb=0,64,0  191
88: no=89, rgb=0,67,0  193
89: no=90, rgb=0,70,0  194
90: no=91, rgb=0,74,0  196
91: no=92, rgb=0,77,0  198
92: no=93, rgb=0,81,0  199
93: no=94, rgb=0,84,0  201
94: no=95, rgb=0,87,0  203
95: no=96, rgb=0,91,0  204
96: no=97, rgb=0,94,0  206
97: no=98, rgb=0,98,0  208
98: no=99, rgb=0,101,0  209
99: no=100, rgb=0,105,0  211
100: no=101, rgb=0,108,0  213
101: no=102, rgb=0,111,0  214
102: no=103, rgb=0,115,0  216
103: no=104, rgb=0,118,0  218
104: no=105, rgb=0,122,0  219
105: no=106, rgb=0,125,0  221
106: no=107, rgb=0,128,0  223
107: no=108, rgb=0,132,0  224
108: no=109, rgb=0,135,0  226
109: no=110, rgb=0,139,0  227
110: no=111, rgb=0,142,0  229
111: no=112, rgb=0,145,0  231
112: no=113, rgb=0,149,0  232
113: no=114, rgb=0,152,0  234
114: no=115, rgb=0,156,0  236
115: no=116, rgb=0,159,0  237
116: no=117, rgb=0,162,0  239
117: no=118, rgb=0,166,0  241
118: no=119, rgb=0,169,0  242
119: no=120, rgb=0,173,0  244
120: no=121, rgb=0,176,0  246
121: no=122, rgb=0,180,0  247
122: no=123, rgb=0,183,0  249
123: no=124, rgb=0,186,0  251
124: no=125, rgb=0,190,0  252
125: no=126, rgb=0,193,0  254
126: no=127, rgb=0,197,0  256
127: no=128, rgb=0,200,0  257
128: no=129, rgb=0,203,0  259
129: no=130, rgb=0,207,0  261
130: no=131, rgb=0,210,0  262
131: no=132, rgb=0,214,0  264
132: no=133, rgb=0,217,0  265
133: no=134, rgb=0,220,0  267
134: no=135, rgb=0,224,0  269
135: no=136, rgb=0,227,0  270
136: no=137, rgb=0,231,0  272
137: no=138, rgb=0,234,0  274
138: no=139, rgb=0,237,0  275
139: no=140, rgb=0,241,0  277
140: no=141, rgb=0,244,0  279
141: no=142, rgb=0,248,0  280
142: no=143, rgb=0,251,0  282
143: no=144, rgb=0,255,0  284
144: no=145, rgb=13,0,0  285
145: no=146, rgb=16,0,0  287
146: no=147, rgb=19,0,0  289
147: no=148, rgb=23,0,0  290
148: no=149, rgb=26,0,0  292
149: no=150, rgb=30,0,0  294
150: no=151, rgb=33,0,0  295
151: no=152, rgb=36,0,0  297
152: no=153, rgb=40,0,0  298
153: no=154, rgb=43,0,0  300
154: no=155, rgb=47,0,0  302
155: no=156, rgb=50,0,0  303
156: no=157, rgb=53,0,0  305
157: no=158, rgb=57,0,0  307
158: no=159, rgb=60,0,0  308
159: no=160, rgb=64,0,0  310
160: no=161, rgb=67,0,0  312
161: no=162, rgb=70,0,0  313
162: no=163, rgb=74,0,0  315
163: no=164, rgb=77,0,0  317
164: no=165, rgb=81,0,0  318
165: no=166, rgb=84,0,0  320
166: no=167, rgb=87,0,0  322
167: no=168, rgb=91,0,0  323
168: no=169, rgb=94,0,0  325
169: no=170, rgb=98,0,0  327
170: no=171, rgb=101,0,0  328
171: no=172, rgb=105,0,0  330
172: no=173, rgb=108,0,0  332
173: no=174, rgb=111,0,0  333
174: no=175, rgb=115,0,0  335
175: no=176, rgb=118,0,0  336
176: no=177, rgb=122,0,0  338
177: no=178, rgb=125,0,0  340
178: no=179, rgb=128,0,0  341
179: no=180, rgb=132,0,0  343
180: no=181, rgb=135,0,0  345
181: no=182, rgb=139,0,0  346
182: no=183, rgb=142,0,0  348
183: no=184, rgb=145,0,0  350
184: no=185, rgb=149,0,0  351
185: no=186, rgb=152,0,0  353
186: no=187, rgb=156,0,0  355
187: no=188, rgb=159,0,0  356
188: no=189, rgb=162,0,0  358
189: no=190, rgb=166,0,0  360
190: no=191, rgb=169,0,0  361
191: no=192, rgb=173,0,0  363
192: no=193, rgb=176,0,0  365
193: no=194, rgb=180,0,0  366
194: no=195, rgb=183,0,0  368
195: no=196, rgb=186,0,0  369
196: no=197, rgb=190,0,0  371
197: no=198, rgb=193,0,0  373
198: no=199, rgb=197,0,0  374
199: no=200, rgb=200,0,0  376
200: no=201, rgb=203,0,0  378
201: no=202, rgb=207,0,0  379
202: no=203, rgb=210,0,0  381
203: no=204, rgb=214,0,0  383
204: no=205, rgb=217,0,0  384
205: no=206, rgb=220,0,0  386
206: no=207, rgb=224,0,0  388
207: no=208, rgb=227,0,0  389
208: no=209, rgb=231,0,0  391
209: no=210, rgb=234,0,0  393
210: no=211, rgb=237,0,0  394
211: no=212, rgb=241,0,0  396
212: no=213, rgb=244,0,0  398
213: no=214, rgb=248,0,0  399
214: no=215, rgb=251,0,0  401
215: no=216, rgb=255,0,0  403
Object ID: (122 pixels)
0:216 8:182 16:162 24:149 32:148 40:157 48:157 56:150 64:146 72:151 80:126 88:115 96:110 104:120 112:73 120:77 
Object ID: (122 pixels)
0:216 8:216 16:159 24:142 32:129 40:115 48:117 56:128 64:120 72:109 80:92 88:83 96:83 104:67 112:34 120:25 
Object ID: (122 pixels)
0:202 8:138 16:147 24:134 32:110 40:96 48:93 56:99 64:92 72:71 80:81 88:85 96:64 104:47 112:25 120:17 
Object ID: (122 pixels)
0:205 8:171 16:137 24:130 32:104 40:70 48:71 56:64 64:90 72:57 80:40 88:67 96:50 104:17 112:17 120:17 
Object ID: (122 pixels)
0:187 8:135 16:123 24:112 32:99 40:71 48:69 56:60 64:44 72:44 80:36 88:17 96:17 104:17 112:17 120:17 
Object ID: (122 pixels)
0:183 8:129 16:115 24:97 32:73 40:74 48:50 56:33 64:17 72:17 80:17 88:17 96:17 104:17 112:17 120:17 
Object ID: (122 pixels)
0:166 8:105 16:96 24:83 32:83 40:50 48:24 56:17 64:17 72:17 80:17 88:17 96:17 104:17 112:17 120:17 
Object ID: (122 pixels)
0:145 8:152 16:83 24:77 32:74 40:36 48:17 56:17 64:17 72:17 80:17 88:17 96:17 104:17 112:17 120:17 
Object ID: (122 pixels)
0:138 8:102 16:142 24:63 32:36 40:17 48:17 56:17 64:17 72:17 80:17 88:17 96:17 104:17 112:17 120:17 
Object ID: (122 pixels)
0:125 8:124 16:120 24:36 32:17 40:17 48:17 56:17 64:17 72:17 80:17 88:17 96:17 104:17 112:17 120:17 
Object ID: (122 pixels)
0:124 8:99 16:17 24:17 32:17 40:17 48:17 56:17 64:17 72:17 80:17 88:17 96:17 104:17 112:17 120:17 
Object ID: (122 pixels)
0:117 8:116 16:97 24:56 32:88 40:28 48:24 56:17 64:17 72:17 80:17 88:17 96:28 104:31 112:34 120:35 
Object ID: (122 pixels)
0:97 8:98 16:103 24:97 32:93 40:92 48:88 56:87 64:87 72:79 80:34 88:41 96:48 104:78 112:90 120:88 
Object ID: (122 pixels)
0:89 8:87 16:94 24:88 32:87 40:93 48:90 56:87 64:80 72:85 80:82 88:74 96:80 104:89 112:73 120:81 
Object ID: (122 pixels)
0:88 8:85 16:84 24:83 32:79 40:85 48:82 56:79 64:78 72:84 80:88 88:89 96:85 104:85 112:83 120:86 
Object Count = 120
