Projection = `+proj=longlat'
Global Bounds
north = 44.000000
south = 43.000000
east = -79.000000
west = -80.000000
ns_res = 0.008264
ew_res = 0.008264
UpdateDictionary = 
DTED
RasterInfo:
mincat = 48
maxcat = 403
width = 5 (32S)
height = 0
cat_len = 1
0: no=1, rgb=255,255,255  No data
Object ID: (122 pixels)
0:427 8:347 16:314 24:294 32:291 40:307 48:306 56:295 64:289 72:296 80:255 88:237 96:229 104:246 112:167 120:175 
Object ID: (122 pixels)
0:428 8:420 16:309 24:282 32:260 40:237 48:240 56:259 64:246 72:227 80:199 88:185 96:185 104:158 112:104 120:89 
Object ID: (122 pixels)
0:381 8:275 16:290 24:268 32:228 40:206 48:201 56:211 64:199 72:165 80:181 88:187 96:153 104:125 112:88 120:75 
Object ID: (122 pixels)
0:386 8:329 16:273 24:262 32:219 40:163 48:164 56:153 64:195 72:142 80:113 88:158 96:130 104:75 112:75 120:75 
Object ID: (122 pixels)
0:356 8:270 16:250 24:232 32:211 40:165 48:161 56:147 64:119 72:120 80:107 88:75 96:75 104:75 112:75 120:75 
Object ID: (122 pixels)
0:349 8:260 16:237 24:207 32:168 40:169 48:130 56:102 64:75 72:75 80:75 88:75 96:75 104:75 112:75 120:75 
Object ID: (122 pixels)
0:322 8:221 16:206 24:185 32:185 40:129 48:86 56:75 64:75 72:75 80:75 88:75 96:75 104:75 112:75 120:75 
Object ID: (122 pixels)
0:286 8:298 16:184 24:174 32:169 40:107 48:75 56:75 64:75 72:75 80:75 88:75 96:75 104:75 112:75 120:75 
Object ID: (122 pixels)
0:275 8:216 16:282 24:152 32:107 40:75 48:75 56:75 64:75 72:75 80:75 88:75 96:75 104:75 112:75 120:75 
Object ID: (122 pixels)
0:254 8:252 16:246 24:106 32:75 40:75 48:75 56:75 64:75 72:75 80:75 88:75 96:75 104:75 112:75 120:75 
Object ID: (122 pixels)
0:252 8:211 16:75 24:75 32:75 40:75 48:75 56:75 64:75 72:75 80:75 88:75 96:75 104:75 112:75 120:75 
Object ID: (122 pixels)
0:240 8:238 16:208 24:139 32:192 40:93 48:86 56:75 64:75 72:75 80:75 88:75 96:94 104:99 112:103 120:105 
Object ID: (122 pixels)
0:207 8:209 16:217 24:207 32:201 40:199 48:193 56:191 64:190 72:178 80:104 88:115 96:127 104:176 112:195 120:192 
Object ID: (122 pixels)
0:194 8:191 16:202 24:192 32:191 40:200 48:196 56:190 64:180 72:188 80:182 88:169 96:180 104:194 112:168 120:181 
Object ID: (122 pixels)
0:193 8:187 16:186 24:185 32:178 40:188 48:182 56:177 64:176 72:186 80:193 88:194 96:188 104:187 112:185 120:189 
Object Count = 120
