Projection = `+proj=longlat +datum=nad83'
Bounds
north = 31.250000
south = 31.000000
east = -97.500000
west = -97.750000
ns_res = 0.010000000
ew_res = 0.010000000
Bounds
north = 31.250000
south = 31.000000
east = -97.500000
west = -97.750000
ns_res = 0.010000000
ew_res = 0.010000000
Field 0: id  (Integer) 10.0
Field 1: f_code  (Char) 5.0
Field 2: pro  (Smallint) 5.0
Field 3: tile_id  (Smallint) 5.0
Field 4: fac_id  (Integer) 10.0
Object ID:1
Object Attributes:1 { AB010 } -32767 1 13 
Ring 0
0: (-97.666809 , 31.106905)
1: (-97.667007 , 31.106400)
2: (-97.668633 , 31.106777)
3: (-97.668381 , 31.107340)
4: (-97.666809 , 31.106905)


Object ID:2
Object Attributes:2 { AB010 } -32767 1 14 
Ring 0
0: (-97.705444 , 31.079884)
1: (-97.704582 , 31.079756)
2: (-97.704865 , 31.078253)
3: (-97.704849 , 31.078104)
4: (-97.704285 , 31.076509)
5: (-97.705673 , 31.076559)
6: (-97.705620 , 31.078999)
7: (-97.705444 , 31.079884)


Object ID:3
Object Attributes:3 { AB010 } -32767 1 15 
Ring 0
0: (-97.539841 , 31.052828)
1: (-97.539291 , 31.054169)
2: (-97.539093 , 31.054192)
3: (-97.538841 , 31.054134)
4: (-97.538551 , 31.054169)
5: (-97.539093 , 31.052668)
6: (-97.539841 , 31.052828)


Object Count = 3
