Projection = `+proj=longlat +datum=nad83'
Global Bounds
north = 31.250000
south = 31.000000
east = -97.500000
west = -97.750000
ns_res = 0.010000
ew_res = 0.010000
Field 0: id  (Integer) 10.0
Field 1: f_code  (Char) 5.0
Field 2: hqc  (Smallint) 5.0
Field 3: mcc  (Smallint) 5.0
Field 4: zv2  (Smallint) 5.0
Field 5: tile_id  (Smallint) 5.0
Field 6: edg_id  (Integer) 10.0
Object ID:94
Object Attributes:94 { CA010 } 1 30 200 1 94 
0: (-97.500290 , 31.227388)
3: (-97.500671 , 31.227430)
6: (-97.501152 , 31.227203)
9: (-97.501450 , 31.227463)
12: (-97.501678 , 31.227980)
15: (-97.500397 , 31.228046)

Object ID:149
Object Attributes:149 { CA010 } 1 30 200 1 149 
0: (-97.544266 , 31.229343)
3: (-97.543854 , 31.229015)
6: (-97.543701 , 31.228846)
9: (-97.543579 , 31.228603)
12: (-97.543495 , 31.228273)
15: (-97.542885 , 31.228243)
18: (-97.542351 , 31.228432)
21: (-97.541672 , 31.228403)
24: (-97.540962 , 31.228191)
27: (-97.540573 , 31.228045)
30: (-97.540359 , 31.227852)
33: (-97.540276 , 31.227657)
36: (-97.540390 , 31.227301)
39: (-97.540321 , 31.227062)
42: (-97.539871 , 31.227192)
45: (-97.539200 , 31.227243)
48: (-97.538429 , 31.227077)
51: (-97.538094 , 31.226933)
54: (-97.537941 , 31.226727)
57: (-97.537872 , 31.226395)
60: (-97.537857 , 31.226017)
63: (-97.537758 , 31.225857)
66: (-97.537323 , 31.226055)
69: (-97.536644 , 31.226175)
72: (-97.535507 , 31.226139)
75: (-97.534866 , 31.226053)
78: (-97.534225 , 31.225554)
81: (-97.533829 , 31.225178)
84: (-97.533546 , 31.225008)
87: (-97.533188 , 31.224804)
90: (-97.533028 , 31.224577)
93: (-97.532852 , 31.224337)
96: (-97.532539 , 31.224064)
99: (-97.532204 , 31.223885)
102: (-97.531921 , 31.223589)
105: (-97.531517 , 31.223433)
108: (-97.530678 , 31.223404)
111: (-97.530106 , 31.223398)
114: (-97.529495 , 31.223631)
117: (-97.528839 , 31.223740)
120: (-97.528290 , 31.223631)
123: (-97.527611 , 31.223600)
126: (-97.527054 , 31.223618)
129: (-97.526749 , 31.223736)
132: (-97.526443 , 31.223804)
135: (-97.525131 , 31.223885)
138: (-97.524414 , 31.223787)
141: (-97.523865 , 31.223642)
144: (-97.523529 , 31.223406)
147: (-97.523338 , 31.223051)
150: (-97.522667 , 31.222553)
153: (-97.522133 , 31.222237)
156: (-97.521751 , 31.221964)
159: (-97.521561 , 31.221542)
162: (-97.521568 , 31.221222)
165: (-97.521622 , 31.220966)
168: (-97.521820 , 31.220829)
171: (-97.522484 , 31.220709)
174: (-97.523262 , 31.220701)
177: (-97.523766 , 31.220869)
180: (-97.524193 , 31.220831)
183: (-97.524048 , 31.220640)
186: (-97.523552 , 31.220381)
189: (-97.522758 , 31.220201)
192: (-97.522186 , 31.219933)
195: (-97.521835 , 31.219797)
198: (-97.521538 , 31.219364)
201: (-97.521385 , 31.219044)
204: (-97.521194 , 31.218714)
207: (-97.520905 , 31.218601)
210: (-97.520325 , 31.218479)
213: (-97.519753 , 31.218288)
216: (-97.519417 , 31.218075)
219: (-97.519165 , 31.217983)
222: (-97.518852 , 31.217793)
225: (-97.518585 , 31.217325)
228: (-97.518448 , 31.217062)
231: (-97.518120 , 31.216503)
234: (-97.517982 , 31.216343)
237: (-97.517891 , 31.216150)
240: (-97.517914 , 31.215956)
243: (-97.517975 , 31.215496)
246: (-97.518135 , 31.215185)
249: (-97.518143 , 31.214931)
252: (-97.518288 , 31.214725)
255: (-97.518921 , 31.215086)
258: (-97.519333 , 31.215290)
261: (-97.519638 , 31.214909)
264: (-97.519882 , 31.214516)
267: (-97.520340 , 31.214365)
270: (-97.520912 , 31.214304)
273: (-97.521461 , 31.214470)
276: (-97.521858 , 31.214777)
279: (-97.522102 , 31.215061)
282: (-97.522202 , 31.215334)
285: (-97.522377 , 31.215666)
288: (-97.522537 , 31.215778)
291: (-97.522644 , 31.215378)
294: (-97.522621 , 31.214895)
297: (-97.522675 , 31.214495)
300: (-97.522934 , 31.214067)
303: (-97.523262 , 31.213791)
306: (-97.523674 , 31.213581)
309: (-97.524246 , 31.213427)
312: (-97.524857 , 31.213526)
315: (-97.526436 , 31.214924)
318: (-97.527115 , 31.215719)
321: (-97.527397 , 31.216198)
324: (-97.527496 , 31.216438)
327: (-97.527817 , 31.216654)
330: (-97.527855 , 31.216320)
333: (-97.527794 , 31.215874)
336: (-97.527740 , 31.215464)
339: (-97.528107 , 31.215343)
342: (-97.528374 , 31.214987)
345: (-97.528580 , 31.214710)
348: (-97.528000 , 31.214005)
351: (-97.527557 , 31.213562)
354: (-97.527290 , 31.213289)
357: (-97.527084 , 31.212934)
360: (-97.527107 , 31.212612)
363: (-97.527428 , 31.212427)
366: (-97.528290 , 31.212318)
369: (-97.528893 , 31.212482)
372: (-97.529289 , 31.212511)
375: (-97.529625 , 31.212250)
378: (-97.530602 , 31.212503)
381: (-97.531059 , 31.212914)
384: (-97.531990 , 31.213755)
387: (-97.532822 , 31.214218)
390: (-97.533394 , 31.214430)
393: (-97.534126 , 31.214676)
396: (-97.534607 , 31.215307)
399: (-97.534668 , 31.215853)
402: (-97.535423 , 31.215326)
405: (-97.536240 , 31.215401)
408: (-97.536758 , 31.215506)
411: (-97.536804 , 31.215776)
414: (-97.536644 , 31.216694)
417: (-97.536774 , 31.216881)
420: (-97.537247 , 31.216755)
423: (-97.537781 , 31.216801)
426: (-97.537415 , 31.216183)
429: (-97.538185 , 31.215567)
432: (-97.538940 , 31.215599)
435: (-97.539604 , 31.215832)
438: (-97.540001 , 31.216335)
441: (-97.540657 , 31.217415)
444: (-97.541122 , 31.217718)
447: (-97.541756 , 31.217793)
450: (-97.542046 , 31.217764)
453: (-97.541695 , 31.217346)
456: (-97.540863 , 31.216541)
459: (-97.540802 , 31.216225)
462: (-97.540756 , 31.215879)
465: (-97.540855 , 31.215508)
468: (-97.541245 , 31.215170)
471: (-97.542038 , 31.214947)

Object ID:189
Object Attributes:189 { CA010 } 1 30 200 1 189 
0: (-97.542313 , 31.214941)
3: (-97.542931 , 31.214987)
6: (-97.543579 , 31.215147)
9: (-97.544060 , 31.215380)
12: (-97.544724 , 31.215584)
15: (-97.545395 , 31.215527)
18: (-97.546150 , 31.214901)
21: (-97.546684 , 31.214773)
24: (-97.547325 , 31.215206)
27: (-97.547974 , 31.216112)
30: (-97.548584 , 31.216589)
33: (-97.548882 , 31.216763)
36: (-97.549217 , 31.216621)
39: (-97.549553 , 31.216492)
42: (-97.549202 , 31.216219)
45: (-97.548309 , 31.215412)
48: (-97.547653 , 31.214520)
51: (-97.547668 , 31.214218)
54: (-97.547874 , 31.213804)
57: (-97.547043 , 31.213800)
60: (-97.546555 , 31.213667)
63: (-97.545776 , 31.212948)
66: (-97.545311 , 31.213261)
69: (-97.544838 , 31.213518)
72: (-97.544289 , 31.213844)
75: (-97.543602 , 31.213770)
78: (-97.542953 , 31.213552)
81: (-97.542374 , 31.213610)
84: (-97.541618 , 31.213594)
87: (-97.541283 , 31.213562)
90: (-97.540909 , 31.213280)
93: (-97.540451 , 31.213121)
96: (-97.539627 , 31.213198)
99: (-97.538956 , 31.212919)
102: (-97.538696 , 31.212530)
105: (-97.538200 , 31.212305)
108: (-97.537918 , 31.211916)
111: (-97.538033 , 31.211571)
114: (-97.538101 , 31.211412)
117: (-97.537491 , 31.211657)
120: (-97.536400 , 31.212067)
123: (-97.535301 , 31.211882)
126: (-97.534698 , 31.211531)
129: (-97.534470 , 31.211155)
132: (-97.534729 , 31.210695)
135: (-97.534836 , 31.210201)
138: (-97.534988 , 31.209751)
141: (-97.534744 , 31.209595)
144: (-97.534027 , 31.209988)
147: (-97.533699 , 31.210117)
150: (-97.533005 , 31.210203)
153: (-97.532257 , 31.209969)
156: (-97.531181 , 31.209349)
159: (-97.529129 , 31.209307)
162: (-97.528366 , 31.209095)
165: (-97.527267 , 31.208885)
168: (-97.525772 , 31.208681)
171: (-97.525093 , 31.208227)
174: (-97.525330 , 31.207869)
177: (-97.527290 , 31.206810)
180: (-97.528069 , 31.206415)
183: (-97.528664 , 31.206335)
186: (-97.528664 , 31.206244)
189: (-97.528328 , 31.205984)
192: (-97.528435 , 31.205208)
195: (-97.528969 , 31.204676)
198: (-97.529144 , 31.204332)
201: (-97.528076 , 31.204603)
204: (-97.527405 , 31.205227)
207: (-97.526337 , 31.205994)
210: (-97.525536 , 31.206194)
213: (-97.525215 , 31.205990)
216: (-97.525154 , 31.205351)
219: (-97.525085 , 31.205006)
222: (-97.524796 , 31.205271)
225: (-97.524391 , 31.206160)
228: (-97.523849 , 31.206861)
231: (-97.523346 , 31.207163)
234: (-97.522438 , 31.207125)
237: (-97.522026 , 31.207014)
240: (-97.521439 , 31.207340)
243: (-97.520966 , 31.207653)
246: (-97.520058 , 31.207615)
249: (-97.519386 , 31.207138)
252: (-97.519234 , 31.206854)
255: (-97.519196 , 31.206623)
258: (-97.519150 , 31.206442)
261: (-97.519135 , 31.206270)
264: (-97.519005 , 31.206133)
267: (-97.518631 , 31.206274)
270: (-97.518417 , 31.206526)
273: (-97.518265 , 31.206781)
276: (-97.518013 , 31.207150)
279: (-97.517830 , 31.207392)
282: (-97.517426 , 31.207430)
285: (-97.516937 , 31.207319)
288: (-97.516586 , 31.207287)
291: (-97.516205 , 31.207428)
294: (-97.515846 , 31.207649)
297: (-97.515503 , 31.207834)
300: (-97.515205 , 31.207962)
303: (-97.514954 , 31.208012)
306: (-97.514648 , 31.207932)
309: (-97.514442 , 31.207476)
312: (-97.514236 , 31.207018)
315: (-97.514099 , 31.206722)
318: (-97.513725 , 31.206371)
321: (-97.513512 , 31.206154)
324: (-97.513382 , 31.205868)
327: (-97.513504 , 31.205627)
330: (-97.513649 , 31.205420)
333: (-97.513657 , 31.205212)
336: (-97.513268 , 31.205090)
339: (-97.512787 , 31.204920)
342: (-97.512024 , 31.204664)
345: (-97.511520 , 31.204506)
348: (-97.511078 , 31.204351)
351: (-97.510872 , 31.204157)
354: (-97.510895 , 31.203402)
357: (-97.511154 , 31.202883)
360: (-97.511299 , 31.202642)
363: (-97.511444 , 31.202513)
366: (-97.511665 , 31.202522)
369: (-97.512100 , 31.202658)
372: (-97.512299 , 31.202816)
375: (-97.512527 , 31.202848)
378: (-97.512596 , 31.203054)
381: (-97.513000 , 31.203442)
384: (-97.513283 , 31.203541)
387: (-97.513626 , 31.203287)
390: (-97.513916 , 31.203217)
393: (-97.514221 , 31.203087)
396: (-97.514275 , 31.202732)
399: (-97.514297 , 31.202444)

Object ID:208
Object Attributes:208 { CA010 } 1 30 250 1 208 
0: (-97.583710 , 31.223146)
3: (-97.583565 , 31.222946)
6: (-97.583282 , 31.222401)
9: (-97.583626 , 31.221354)
12: (-97.583595 , 31.220751)
15: (-97.583405 , 31.219990)
18: (-97.583458 , 31.219790)
21: (-97.582970 , 31.219803)
24: (-97.581985 , 31.220142)
27: (-97.580986 , 31.219736)
30: (-97.580208 , 31.219231)
33: (-97.580009 , 31.218744)
36: (-97.580185 , 31.218342)
39: (-97.580734 , 31.218042)
42: (-97.581841 , 31.217932)
45: (-97.582108 , 31.217804)
48: (-97.581818 , 31.217251)
51: (-97.581696 , 31.216940)
54: (-97.581184 , 31.216524)
57: (-97.581215 , 31.216108)
60: (-97.581184 , 31.215937)
63: (-97.580856 , 31.215891)
66: (-97.579628 , 31.217278)
69: (-97.578957 , 31.217476)
72: (-97.578209 , 31.217230)
75: (-97.576714 , 31.216808)
78: (-97.576477 , 31.217194)
81: (-97.575851 , 31.217607)
84: (-97.575188 , 31.217619)
87: (-97.575005 , 31.217146)
90: (-97.575180 , 31.216743)
93: (-97.575569 , 31.215872)
96: (-97.575920 , 31.215414)
99: (-97.576492 , 31.214712)
102: (-97.576546 , 31.214483)
105: (-97.576363 , 31.214268)
108: (-97.575760 , 31.214479)
111: (-97.574554 , 31.215364)
114: (-97.573753 , 31.215878)
117: (-97.572701 , 31.215700)
120: (-97.572838 , 31.215385)
123: (-97.573364 , 31.214270)
126: (-97.573570 , 31.213612)
129: (-97.572830 , 31.213879)
132: (-97.572296 , 31.214035)
135: (-97.571907 , 31.214708)
138: (-97.570770 , 31.215664)
141: (-97.567780 , 31.215710)
144: (-97.567337 , 31.215448)
147: (-97.567009 , 31.214617)
150: (-97.567101 , 31.213469)
153: (-97.567390 , 31.212610)
156: (-97.567558 , 31.211994)
159: (-97.567902 , 31.211321)
162: (-97.568237 , 31.211164)
165: (-97.568169 , 31.210863)
168: (-97.567909 , 31.210733)
171: (-97.567558 , 31.210070)
174: (-97.567375 , 31.210314)
177: (-97.567070 , 31.210672)
180: (-97.565895 , 31.211859)
183: (-97.565529 , 31.212013)
186: (-97.564476 , 31.212297)
189: (-97.563118 , 31.213152)
192: (-97.562843 , 31.213652)
195: (-97.562714 , 31.213865)
198: (-97.562447 , 31.214079)
201: (-97.561943 , 31.214149)
204: (-97.561394 , 31.213919)
207: (-97.561150 , 31.213673)
210: (-97.561012 , 31.213301)
213: (-97.561470 , 31.212469)
216: (-97.561699 , 31.211668)
219: (-97.561188 , 31.210863)
222: (-97.559990 , 31.209883)
225: (-97.559868 , 31.209293)
228: (-97.560410 , 31.207991)
231: (-97.561920 , 31.207035)
234: (-97.560623 , 31.206602)
237: (-97.560379 , 31.205608)
240: (-97.559631 , 31.205462)
243: (-97.559624 , 31.205664)
246: (-97.559723 , 31.206511)
249: (-97.559479 , 31.207371)
252: (-97.559044 , 31.208015)
255: (-97.558456 , 31.207970)
258: (-97.557861 , 31.207420)
261: (-97.557747 , 31.207664)
264: (-97.557755 , 31.208296)
267: (-97.557671 , 31.208681)
270: (-97.557060 , 31.209324)
273: (-97.556580 , 31.209524)
276: (-97.555344 , 31.209490)
279: (-97.554863 , 31.209257)
282: (-97.554199 , 31.208494)
285: (-97.554092 , 31.208050)
288: (-97.553802 , 31.206642)
291: (-97.553749 , 31.206528)
294: (-97.553040 , 31.206339)
297: (-97.552742 , 31.205894)
300: (-97.552551 , 31.206135)
303: (-97.552711 , 31.207342)
306: (-97.552490 , 31.208260)
309: (-97.551796 , 31.208757)
312: (-97.551598 , 31.208672)
315: (-97.551086 , 31.208225)
318: (-97.550438 , 31.207819)
321: (-97.548874 , 31.207684)
324: (-97.548256 , 31.207495)
327: (-97.547371 , 31.206430)
330: (-97.546684 , 31.204720)
333: (-97.545876 , 31.205576)
336: (-97.545433 , 31.206306)
339: (-97.545280 , 31.206736)
342: (-97.544930 , 31.207222)
345: (-97.544357 , 31.207390)
348: (-97.543343 , 31.207315)
351: (-97.542564 , 31.206982)
354: (-97.542351 , 31.206564)
357: (-97.542534 , 31.205978)
360: (-97.543343 , 31.205105)
363: (-97.543953 , 31.204378)
366: (-97.544388 , 31.203775)
369: (-97.544579 , 31.203390)
372: (-97.544159 , 31.203131)
375: (-97.542549 , 31.202808)
378: (-97.541229 , 31.202486)
381: (-97.540619 , 31.202297)
384: (-97.540337 , 31.202082)
387: (-97.540192 , 31.201593)
390: (-97.541069 , 31.200293)
393: (-97.541618 , 31.200094)
396: (-97.542435 , 31.200068)
399: (-97.543701 , 31.200174)
402: (-97.544769 , 31.200438)
405: (-97.545334 , 31.200525)
408: (-97.546066 , 31.200027)
411: (-97.546936 , 31.199787)
414: (-97.547424 , 31.199430)
417: (-97.548462 , 31.199190)

Object Count = 13
